Game::update
Snake::move: 63,19 63,18
Game::update
Snake::move: 63,20 63,19
Game::update
Snake::move: 63,21 63,20
Game::update
Snake::move: 63,22 63,21
Game::update
Snake::move: 63,23 63,22
Game::update
Snake::move: 63,24 63,23
Game::update
Snake::move: 63,25 63,24
Game::update
Snake::move: 63,26 63,25
Game::update
Snake::move: 63,27 63,26
Game::update
Snake::move: 63,28 63,27
Game::update
Snake::move: 63,29 63,28
Game::update
Snake::move: 63,30 63,29
Game::update
Snake::move: 63,31 63,30
Game::update
Snake::move: 63,32 63,31
Game::update
Snake::move: 63,33 63,32
Game::update
Snake::move: 63,34 63,33
Game::update
Snake::move: 63,35 63,34
Game::update
Snake::move: 63,36 63,35
Game::update
Snake::move: 63,37 63,36
game over
Game::update
game over
Game::update
game over
Game::update
game over
Game::update
game over
Game::update
game over
